<?xml version="1.0" encoding="UTF-8"?>
<!-- Generated by org.testng.reporters.JUnitReportReporter -->
<testsuite hostname="Madhu" failures="0" tests="1" name="org.orangeHRM.allGenericScripts.testcase1_Login" time="2.069" errors="0" timestamp="2025-08-16T15:13:02 IST" skipped="0">
  <testcase classname="org.orangeHRM.allGenericScripts.testcase1_Login" name="loginTC" time="2.069"/>
</testsuite> <!-- org.orangeHRM.allGenericScripts.testcase1_Login -->
