<?xml version="1.0" encoding="UTF-8"?>
<!-- Generated by org.testng.reporters.JUnitReportReporter -->
<testsuite hostname="Madhu" failures="0" tests="8" name="org.orangeHRM.runnerScripts.testcase1_LoginTest" time="87.867" errors="0" timestamp="2025-08-31T10:45:15 IST" skipped="0">
  <testcase classname="org.orangeHRM.runnerScripts.testcase1_LoginTest" name="loginTC" time="10.892"/>
  <testcase classname="org.orangeHRM.runnerScripts.testcase1_LoginTest" name="loginTC" time="10.445"/>
  <testcase classname="org.orangeHRM.runnerScripts.testcase1_LoginTest" name="loginTC" time="9.560"/>
  <testcase classname="org.orangeHRM.runnerScripts.testcase1_LoginTest" name="loginTC" time="13.242"/>
  <testcase classname="org.orangeHRM.runnerScripts.testcase1_LoginTest" name="loginTC" time="10.505"/>
  <testcase classname="org.orangeHRM.runnerScripts.testcase1_LoginTest" name="loginTC" time="10.862"/>
  <testcase classname="org.orangeHRM.runnerScripts.testcase1_LoginTest" name="loginTC" time="11.578"/>
  <testcase classname="org.orangeHRM.runnerScripts.testcase1_LoginTest" name="loginTC" time="10.783"/>
</testsuite> <!-- org.orangeHRM.runnerScripts.testcase1_LoginTest -->
